<?xml version="1.0" encoding="UTF-8"?>
<!-- Generated by org.testng.reporters.JUnitXMLReporter -->
<testsuite ignored="0" hostname="GS-2657" failures="1" tests="2" name="Test" time="64.666" errors="0" timestamp="2020-07-13T12:50:48 IST">
  <testcase classname="com.selenium.insurancecalctest.Motorcycle" name="calculateInsurnace" time="3.543">
    <failure type="java.lang.AssertionError" message="Must be a number between 1 and 2000 expected:&amp;lt;dummy&amp;gt; but was:&amp;lt;Error message &amp;gt;">
      <![CDATA[java.lang.AssertionError: Must be a number between 1 and 2000 expected:<dummy> but was:<Error message >
at com.selenium.insurancecalctest.Motorcycle.calculateInsurnace(Motorcycle.java:32)
at java.base/java.util.ArrayList.forEach(ArrayList.java:1540)
... Removed 28 stack frames]]>
    </failure>
  </testcase> <!-- calculateInsurnace -->
  <testcase classname="com.selenium.insurancecalctest.Motorcycle" name="verifyModelDropdownOptions" time="3.589"/>
</testsuite> <!-- Test -->
