<?xml version="1.0" encoding="UTF-8"?>
<testng-results ignored="0" total="1" passed="0" failed="1" skipped="0">
  <reporter-output>
  </reporter-output>
  <suite started-at="2020-07-10T17:44:40 IST" name="Default suite" finished-at="2020-07-10T17:44:56 IST" duration-ms="15846">
    <groups>
    </groups>
    <test started-at="2020-07-10T17:44:40 IST" name="Default test" finished-at="2020-07-10T17:44:56 IST" duration-ms="15846">
      <class name="com.selenium.insurancecalctest.Motorcycle">
        <test-method is-config="true" signature="setup()[pri:0, instance:com.selenium.insurancecalctest.Motorcycle@12d4bf7e]" started-at="2020-07-10T17:44:40 IST" name="setup" finished-at="2020-07-10T17:44:54 IST" duration-ms="14003" status="PASS">
          <reporter-output>
          </reporter-output>
        </test-method> <!-- setup -->
        <test-method signature="calculateInsurnace()[pri:0, instance:com.selenium.insurancecalctest.Motorcycle@12d4bf7e]" started-at="2020-07-10T17:44:54 IST" name="calculateInsurnace" finished-at="2020-07-10T17:44:56 IST" duration-ms="1737" status="FAIL">
          <exception class="java.lang.AssertionError">
            <message>
              <![CDATA[Error message  expected [dummy] but found [Must be a number between 1 and 2000]]]>
            </message>
            <full-stacktrace>
              <![CDATA[java.lang.AssertionError: Error message  expected [dummy] but found [Must be a number between 1 and 2000]
at org.testng.Assert.fail(Assert.java:97)
at org.testng.Assert.assertEqualsImpl(Assert.java:136)
at org.testng.Assert.assertEquals(Assert.java:118)
at org.testng.Assert.assertEquals(Assert.java:575)
at com.selenium.insurancecalctest.Motorcycle.calculateInsurnace(Motorcycle.java:25)
at java.base/jdk.internal.reflect.NativeMethodAccessorImpl.invoke0(Native Method)
at java.base/jdk.internal.reflect.NativeMethodAccessorImpl.invoke(NativeMethodAccessorImpl.java:62)
at java.base/jdk.internal.reflect.DelegatingMethodAccessorImpl.invoke(DelegatingMethodAccessorImpl.java:43)
at java.base/java.lang.reflect.Method.invoke(Method.java:566)
at org.testng.internal.MethodInvocationHelper.invokeMethod(MethodInvocationHelper.java:133)
at org.testng.internal.TestInvoker.invokeMethod(TestInvoker.java:584)
at org.testng.internal.TestInvoker.invokeTestMethod(TestInvoker.java:172)
at org.testng.internal.MethodRunner.runInSequence(MethodRunner.java:46)
at org.testng.internal.TestInvoker$MethodInvocationAgent.invoke(TestInvoker.java:804)
at org.testng.internal.TestInvoker.invokeTestMethods(TestInvoker.java:145)
at org.testng.internal.TestMethodWorker.invokeTestMethods(TestMethodWorker.java:146)
at org.testng.internal.TestMethodWorker.run(TestMethodWorker.java:128)
at java.base/java.util.ArrayList.forEach(ArrayList.java:1540)
at org.testng.TestRunner.privateRun(TestRunner.java:770)
at org.testng.TestRunner.run(TestRunner.java:591)
at org.testng.SuiteRunner.runTest(SuiteRunner.java:402)
at org.testng.SuiteRunner.runSequentially(SuiteRunner.java:396)
at org.testng.SuiteRunner.privateRun(SuiteRunner.java:355)
at org.testng.SuiteRunner.run(SuiteRunner.java:304)
at org.testng.SuiteRunnerWorker.runSuite(SuiteRunnerWorker.java:53)
at org.testng.SuiteRunnerWorker.run(SuiteRunnerWorker.java:96)
at org.testng.TestNG.runSuitesSequentially(TestNG.java:1180)
at org.testng.TestNG.runSuitesLocally(TestNG.java:1102)
at org.testng.TestNG.runSuites(TestNG.java:1032)
at org.testng.TestNG.run(TestNG.java:1000)
at org.testng.remote.AbstractRemoteTestNG.run(AbstractRemoteTestNG.java:115)
at org.testng.remote.RemoteTestNG.initAndRun(RemoteTestNG.java:251)
at org.testng.remote.RemoteTestNG.main(RemoteTestNG.java:77)
]]>
            </full-stacktrace>
          </exception> <!-- java.lang.AssertionError -->
          <reporter-output>
          </reporter-output>
        </test-method> <!-- calculateInsurnace -->
        <test-method is-config="true" signature="teardown()[pri:0, instance:com.selenium.insurancecalctest.Motorcycle@12d4bf7e]" started-at="2020-07-10T17:44:56 IST" name="teardown" finished-at="2020-07-10T17:44:56 IST" duration-ms="75" status="PASS">
          <reporter-output>
          </reporter-output>
        </test-method> <!-- teardown -->
      </class> <!-- com.selenium.insurancecalctest.Motorcycle -->
    </test> <!-- Default test -->
  </suite> <!-- Default suite -->
</testng-results>
